2014-04-19 17:04:57,383 - [INFO] - from play in pool-4-thread-4 
Listening for HTTP on /0:0:0:0:0:0:0:0%0:9000

2014-04-19 17:05:03,478 - [INFO] - from play in play-internal-execution-context-1 
datasource [jdbc:h2:mem:play] bound to JNDI as DefaultDS

2014-04-19 17:05:03,570 - [INFO] - from play in play-internal-execution-context-1 
database [default] connected at jdbc:h2:mem:play

2014-04-19 17:05:04,007 - [ERROR] - from application in New I/O worker #1 


! @6i185g0j2 - Internal server error, for (GET) [/education] ->

play.api.db.evolutions.InvalidDatabaseRevision: Database 'default' needs evolution![An SQL script need to be run on your database.]
	at play.api.db.evolutions.EvolutionsPlugin$$anonfun$onStart$1$$anonfun$apply$1.apply$mcV$sp(Evolutions.scala:486) ~[play-jdbc_2.10.jar:2.2.2]
	at play.api.db.evolutions.EvolutionsPlugin.withLock(Evolutions.scala:507) ~[play-jdbc_2.10.jar:2.2.2]
	at play.api.db.evolutions.EvolutionsPlugin$$anonfun$onStart$1.apply(Evolutions.scala:461) ~[play-jdbc_2.10.jar:2.2.2]
	at play.api.db.evolutions.EvolutionsPlugin$$anonfun$onStart$1.apply(Evolutions.scala:459) ~[play-jdbc_2.10.jar:2.2.2]
	at scala.collection.immutable.List.foreach(List.scala:318) ~[scala-library.jar:na]
	at play.api.db.evolutions.EvolutionsPlugin.onStart(Evolutions.scala:459) ~[play-jdbc_2.10.jar:2.2.2]
	at play.api.Play$$anonfun$start$1$$anonfun$apply$mcV$sp$1.apply(Play.scala:88) ~[play_2.10.jar:2.2.2]
	at play.api.Play$$anonfun$start$1$$anonfun$apply$mcV$sp$1.apply(Play.scala:88) ~[play_2.10.jar:2.2.2]
	at scala.collection.immutable.List.foreach(List.scala:318) ~[scala-library.jar:na]
	at play.api.Play$$anonfun$start$1.apply$mcV$sp(Play.scala:88) ~[play_2.10.jar:2.2.2]
	at play.api.Play$$anonfun$start$1.apply(Play.scala:88) ~[play_2.10.jar:2.2.2]
	at play.api.Play$$anonfun$start$1.apply(Play.scala:88) ~[play_2.10.jar:2.2.2]
	at play.utils.Threads$.withContextClassLoader(Threads.scala:18) ~[play_2.10.jar:2.2.2]
	at play.api.Play$.start(Play.scala:87) ~[play_2.10.jar:2.2.2]
	at play.core.ReloadableApplication$$anonfun$get$1$$anonfun$apply$1$$anonfun$1.apply(ApplicationProvider.scala:139) ~[play_2.10.jar:2.2.2]
	at play.core.ReloadableApplication$$anonfun$get$1$$anonfun$apply$1$$anonfun$1.apply(ApplicationProvider.scala:112) ~[play_2.10.jar:2.2.2]
	at scala.Option.map(Option.scala:145) ~[scala-library.jar:na]
	at play.core.ReloadableApplication$$anonfun$get$1$$anonfun$apply$1.apply(ApplicationProvider.scala:112) ~[play_2.10.jar:2.2.2]
	at play.core.ReloadableApplication$$anonfun$get$1$$anonfun$apply$1.apply(ApplicationProvider.scala:110) ~[play_2.10.jar:2.2.2]
	at scala.util.Success.flatMap(Try.scala:200) ~[scala-library.jar:na]
	at play.core.ReloadableApplication$$anonfun$get$1.apply(ApplicationProvider.scala:110) ~[play_2.10.jar:2.2.2]
	at play.core.ReloadableApplication$$anonfun$get$1.apply(ApplicationProvider.scala:102) ~[play_2.10.jar:2.2.2]
	at scala.concurrent.impl.Future$PromiseCompletingRunnable.liftedTree1$1(Future.scala:24) ~[scala-library.jar:na]
	at scala.concurrent.impl.Future$PromiseCompletingRunnable.run(Future.scala:24) ~[scala-library.jar:na]
	at scala.concurrent.forkjoin.ForkJoinTask$AdaptedRunnableAction.exec(ForkJoinTask.java:1361) ~[scala-library.jar:na]
	at scala.concurrent.forkjoin.ForkJoinTask.doExec(ForkJoinTask.java:260) ~[scala-library.jar:na]
	at scala.concurrent.forkjoin.ForkJoinPool$WorkQueue.runTask(ForkJoinPool.java:1339) ~[scala-library.jar:na]
	at scala.concurrent.forkjoin.ForkJoinPool.runWorker(ForkJoinPool.java:1979) ~[scala-library.jar:na]
	at scala.concurrent.forkjoin.ForkJoinWorkerThread.run(ForkJoinWorkerThread.java:107) ~[scala-library.jar:na]

2014-04-19 17:05:07,540 - [INFO] - from play in play-internal-execution-context-1 
datasource [jdbc:h2:mem:play] bound to JNDI as DefaultDS

2014-04-19 17:05:07,543 - [INFO] - from play in play-internal-execution-context-1 
database [default] connected at jdbc:h2:mem:play

2014-04-19 17:05:07,639 - [INFO] - from play in play-internal-execution-context-1 
Application started (Dev)

2014-04-19 17:07:11,585 - [INFO] - from play in play-internal-execution-context-1 
datasource [jdbc:h2:mem:play] bound to JNDI as DefaultDS

2014-04-19 17:07:11,587 - [INFO] - from play in play-internal-execution-context-1 
database [default] connected at jdbc:h2:mem:play

2014-04-19 17:07:11,616 - [INFO] - from play in play-internal-execution-context-1 
Application started (Dev)

2014-04-19 17:10:31,861 - [INFO] - from play in play-internal-execution-context-1 
datasource [jdbc:h2:mem:play] bound to JNDI as DefaultDS

2014-04-19 17:10:31,863 - [INFO] - from play in play-internal-execution-context-1 
database [default] connected at jdbc:h2:mem:play

2014-04-19 17:10:31,889 - [INFO] - from play in play-internal-execution-context-1 
Application started (Dev)

2014-04-19 17:11:47,044 - [INFO] - from play in play-internal-execution-context-1 
datasource [jdbc:h2:mem:play] bound to JNDI as DefaultDS

2014-04-19 17:11:47,046 - [INFO] - from play in play-internal-execution-context-1 
database [default] connected at jdbc:h2:mem:play

2014-04-19 17:11:47,078 - [INFO] - from play in play-internal-execution-context-1 
Application started (Dev)

2014-04-19 17:12:56,451 - [INFO] - from play in play-internal-execution-context-1 
datasource [jdbc:h2:mem:play] bound to JNDI as DefaultDS

2014-04-19 17:12:56,454 - [INFO] - from play in play-internal-execution-context-1 
database [default] connected at jdbc:h2:mem:play

2014-04-19 17:12:56,477 - [INFO] - from play in play-internal-execution-context-1 
Application started (Dev)

2014-04-19 17:13:12,116 - [INFO] - from play in play-internal-execution-context-1 
datasource [jdbc:h2:mem:play] bound to JNDI as DefaultDS

2014-04-19 17:13:12,118 - [INFO] - from play in play-internal-execution-context-1 
database [default] connected at jdbc:h2:mem:play

2014-04-19 17:13:12,139 - [INFO] - from play in play-internal-execution-context-1 
Application started (Dev)

2014-04-19 17:13:40,961 - [INFO] - from play in play-internal-execution-context-1 
datasource [jdbc:h2:mem:play] bound to JNDI as DefaultDS

2014-04-19 17:13:40,963 - [INFO] - from play in play-internal-execution-context-1 
database [default] connected at jdbc:h2:mem:play

2014-04-19 17:13:40,985 - [INFO] - from play in play-internal-execution-context-1 
Application started (Dev)

2014-04-19 17:14:10,245 - [INFO] - from play in play-internal-execution-context-1 
datasource [jdbc:h2:mem:play] bound to JNDI as DefaultDS

2014-04-19 17:14:10,247 - [INFO] - from play in play-internal-execution-context-1 
database [default] connected at jdbc:h2:mem:play

2014-04-19 17:14:10,266 - [INFO] - from play in play-internal-execution-context-1 
Application started (Dev)

2014-04-19 17:14:46,290 - [INFO] - from play in play-internal-execution-context-1 
datasource [jdbc:h2:mem:play] bound to JNDI as DefaultDS

2014-04-19 17:14:46,291 - [INFO] - from play in play-internal-execution-context-1 
database [default] connected at jdbc:h2:mem:play

2014-04-19 17:14:46,313 - [INFO] - from play in play-internal-execution-context-1 
Application started (Dev)

2014-04-19 17:15:07,256 - [INFO] - from play in play-internal-execution-context-1 
datasource [jdbc:h2:mem:play] bound to JNDI as DefaultDS

2014-04-19 17:15:07,258 - [INFO] - from play in play-internal-execution-context-1 
database [default] connected at jdbc:h2:mem:play

2014-04-19 17:15:07,277 - [INFO] - from play in play-internal-execution-context-1 
Application started (Dev)

2014-04-19 17:16:58,781 - [INFO] - from play in play-internal-execution-context-1 
datasource [jdbc:h2:mem:play] bound to JNDI as DefaultDS

2014-04-19 17:16:58,782 - [INFO] - from play in play-internal-execution-context-1 
database [default] connected at jdbc:h2:mem:play

2014-04-19 17:16:58,802 - [INFO] - from play in play-internal-execution-context-1 
Application started (Dev)

2014-04-19 17:18:23,400 - [INFO] - from play in play-internal-execution-context-1 
datasource [jdbc:h2:mem:play] bound to JNDI as DefaultDS

2014-04-19 17:18:23,402 - [INFO] - from play in play-internal-execution-context-1 
database [default] connected at jdbc:h2:mem:play

2014-04-19 17:18:23,422 - [INFO] - from play in play-internal-execution-context-1 
Application started (Dev)

2014-04-19 17:20:32,141 - [INFO] - from play in play-internal-execution-context-1 
datasource [jdbc:h2:mem:play] bound to JNDI as DefaultDS

2014-04-19 17:20:32,146 - [INFO] - from play in play-internal-execution-context-1 
database [default] connected at jdbc:h2:mem:play

2014-04-19 17:20:32,169 - [INFO] - from play in play-internal-execution-context-1 
Application started (Dev)

